Using pre-set license
Built from '2020.3/staging' branch; Version is '2020.3.18f1 (a7d1c678663c) revision 10998214'; Using compiler version '192528614'; Build Type 'Release'
OS: 'Windows 10 Home China; OS build 19042.1288; Version 2009; 64bit' Language: 'zh' Physical Memory: 8064 MB
BatchMode: 1, IsHumanControllingUs: 0, StartBugReporterOnCrash: 0, Is64bit: 1, IsPro: 0

COMMAND LINE ARGUMENTS:
C:\Program Files\Unity\Hub\Editor\2020.3.18f1\Editor\Unity.exe
-adb2
-batchMode
-noUpm
-name
AssetImportWorker0
-projectPath
D:/Code/Unity/VRfps
-logFile
Logs/AssetImportWorker0.log
-srvPort
62249
Successfully changed project path to: D:/Code/Unity/VRfps
D:/Code/Unity/VRfps
Using Asset Import Pipeline V2.
Refreshing native plugins compatible for Editor in 31.00 ms, found 2 plugins.
Preloading 0 native plugins for Editor in 0.00 ms.
Initialize engine version: 2020.3.18f1 (a7d1c678663c)
[Subsystems] Discovering subsystems at path C:/Program Files/Unity/Hub/Editor/2020.3.18f1/Editor/Data/Resources/UnitySubsystems
[Subsystems] Discovering subsystems at path D:/Code/Unity/VRfps/Assets
GfxDevice: creating device client; threaded=0
Direct3D:
    Version:  Direct3D 11.0 [level 11.1]
    Renderer: NVIDIA GeForce GTX 1050 (ID=0x1c91)
    Vendor:   
    VRAM:     2996 MB
    Driver:   30.0.14.7196
Initialize mono
Mono path[0] = 'C:/Program Files/Unity/Hub/Editor/2020.3.18f1/Editor/Data/Managed'
Mono path[1] = 'C:/Program Files/Unity/Hub/Editor/2020.3.18f1/Editor/Data/MonoBleedingEdge/lib/mono/unityjit'
Mono config path = 'C:/Program Files/Unity/Hub/Editor/2020.3.18f1/Editor/Data/MonoBleedingEdge/etc'
Using monoOptions --debugger-agent=transport=dt_socket,embedding=1,server=y,suspend=n,address=127.0.0.1:56836
Begin MonoManager ReloadAssembly
Registering precompiled unity dll's ...
Register platform support module: C:/Program Files/Unity/Hub/Editor/2020.3.18f1/Editor/Data/PlaybackEngines/WindowsStandaloneSupport/UnityEditor.WindowsStandalone.Extensions.dll
Registered in 0.006030 seconds.
Native extension for WindowsStandalone target not found
Refreshing native plugins compatible for Editor in 28.75 ms, found 2 plugins.
Preloading 0 native plugins for Editor in 0.00 ms.
Mono: successfully reloaded assembly
- Completed reload, in  1.680 seconds
Domain Reload Profiling:
	ReloadAssembly (1681ms)
		BeginReloadAssembly (87ms)
			ExecutionOrderSort (0ms)
			DisableScriptedObjects (0ms)
			BackupInstance (0ms)
			ReleaseScriptingObjects (0ms)
			CreateAndSetChildDomain (1ms)
		EndReloadAssembly (481ms)
			LoadAssemblies (80ms)
			RebuildTransferFunctionScriptingTraits (0ms)
			SetupTypeCache (158ms)
			ReleaseScriptCaches (0ms)
			RebuildScriptCaches (30ms)
			SetupLoadedEditorAssemblies (157ms)
				LogAssemblyErrors (0ms)
				InitializePlatformSupportModulesInManaged (5ms)
				SetLoadedEditorAssemblies (0ms)
				RefreshPlugins (29ms)
				BeforeProcessingInitializeOnLoad (11ms)
				ProcessInitializeOnLoadAttributes (83ms)
				ProcessInitializeOnLoadMethodAttributes (29ms)
				AfterProcessingInitializeOnLoad (0ms)
				EditorAssembliesLoaded (1ms)
			ExecutionOrderSort2 (0ms)
			AwakeInstancesAfterBackupRestoration (0ms)
Platform modules already initialized, skipping
Registering precompiled user dll's ...
Registered in 0.003753 seconds.
Begin MonoManager ReloadAssembly
Native extension for WindowsStandalone target not found
Refreshing native plugins compatible for Editor in 0.32 ms, found 2 plugins.
Preloading 0 native plugins for Editor in 0.00 ms.
Mono: successfully reloaded assembly
- Completed reload, in  1.037 seconds
Domain Reload Profiling:
	ReloadAssembly (1038ms)
		BeginReloadAssembly (165ms)
			ExecutionOrderSort (0ms)
			DisableScriptedObjects (4ms)
			BackupInstance (0ms)
			ReleaseScriptingObjects (0ms)
			CreateAndSetChildDomain (17ms)
		EndReloadAssembly (789ms)
			LoadAssemblies (116ms)
			RebuildTransferFunctionScriptingTraits (0ms)
			SetupTypeCache (263ms)
			ReleaseScriptCaches (0ms)
			RebuildScriptCaches (41ms)
			SetupLoadedEditorAssemblies (295ms)
				LogAssemblyErrors (0ms)
				InitializePlatformSupportModulesInManaged (5ms)
				SetLoadedEditorAssemblies (0ms)
				RefreshPlugins (0ms)
				BeforeProcessingInitializeOnLoad (63ms)
				ProcessInitializeOnLoadAttributes (201ms)
				ProcessInitializeOnLoadMethodAttributes (4ms)
				AfterProcessingInitializeOnLoad (21ms)
				EditorAssembliesLoaded (0ms)
			ExecutionOrderSort2 (0ms)
			AwakeInstancesAfterBackupRestoration (6ms)
Platform modules already initialized, skipping
========================================================================
Worker process is ready to serve import requests
Launched and connected shader compiler UnityShaderCompiler.exe after 0.06 seconds
Refreshing native plugins compatible for Editor in 0.43 ms, found 2 plugins.
Preloading 0 native plugins for Editor in 0.00 ms.
Unloading 1414 Unused Serialized files (Serialized files now loaded: 0)
System memory in use before: 67.7 MB.
System memory in use after: 67.7 MB.

Unloading 16 unused Assets to reduce memory usage. Loaded Objects now: 1856.
Total: 2.714200 ms (FindLiveObjects: 0.150500 ms CreateObjectMapping: 0.037800 ms MarkObjects: 2.457000 ms  DeleteObjects: 0.067900 ms)

AssetImportParameters requested are different than current active one (requested -> active):
  custom:framework-win-MediaFoundation: 216162199b28c13a410421893ffa2e32 -> 
  custom:video-decoder-ogg-theora: a1e56fd34408186e4bbccfd4996cb3dc -> 
  custom:container-muxer-webm: aa71ff27fc2769a1b78a27578f13a17b -> 
  custom:container-demuxer-webm: 4f35f7cbe854078d1ac9338744f61a02 -> 
  custom:container-demuxer-ogg: 62fdf1f143b41e24485cea50d1cbac27 -> 
  custom:video-encoder-webm-vp8: eb34c28f22e8b96e1ab97ce403110664 -> 
  custom:video-codec-MediaFoundation-h265: 746d11721c4dcdbdad8f713fa42b33f4 -> 
  custom:video-decoder-webm-vp8: 9c59270c3fd7afecdb556c50c9e8de78 -> 
  custom:audio-decoder-ogg-vorbis: bf7c407c2cedff20999df2af8eb42d56 -> 
  custom:audio-encoder-webm-vorbis: bf7c407c2cedff20999df2af8eb42d56 -> 
========================================================================
Received Import Request.
  path: Assets/MyFPS/Audio/PlayerAudio/Aiming
  artifactKey: Guid(3ddde09d8c2a9054eb9fe4ac9017cd05) Importer(815301076,1909f56bfc062723c751e8b465ee728b)
Start importing Assets/MyFPS/Audio/PlayerAudio/Aiming using Guid(3ddde09d8c2a9054eb9fe4ac9017cd05) Importer(815301076,1909f56bfc062723c751e8b465ee728b)  -> (artifact id: 'd0d560fb4522ecaf6be7a8c5bc01f4e2') in 0.005129 seconds 
  Import took 0.008330 seconds .

========================================================================
Received Import Request.
  Time since last request: 0.000346 seconds.
  path: Assets/MyFPS/Audio/PlayerAudio/Aiming/aim_in.mp3
  artifactKey: Guid(acaebc89b98b82142bd2b24edb6081e4) Importer(815301076,1909f56bfc062723c751e8b465ee728b)
Start importing Assets/MyFPS/Audio/PlayerAudio/Aiming/aim_in.mp3 using Guid(acaebc89b98b82142bd2b24edb6081e4) Importer(815301076,1909f56bfc062723c751e8b465ee728b)  -> (artifact id: '538f6a1a9039526935051e1c34c043e5') in 0.119287 seconds 
  Import took 0.122014 seconds .

========================================================================
Received Import Request.
  Time since last request: 28.535353 seconds.
  path: Assets/MyFPS/Audio/PlayerAudio/Casings_&_Shells
  artifactKey: Guid(2d61b5a610b59bb4bac0e698f5b018ac) Importer(815301076,1909f56bfc062723c751e8b465ee728b)
Start importing Assets/MyFPS/Audio/PlayerAudio/Casings_&_Shells using Guid(2d61b5a610b59bb4bac0e698f5b018ac) Importer(815301076,1909f56bfc062723c751e8b465ee728b)  -> (artifact id: '5a4b8a35a48151a18147853de3e81592') in 0.003481 seconds 
  Import took 0.007516 seconds .

========================================================================
Received Import Request.
  Time since last request: 0.038973 seconds.
  path: Assets/MyFPS/Audio/PlayerAudio/Casings_&_Shells/casing-sound-1.wav
  artifactKey: Guid(39a52c8570aa5ee4b8c76570a3eda151) Importer(815301076,1909f56bfc062723c751e8b465ee728b)
Start importing Assets/MyFPS/Audio/PlayerAudio/Casings_&_Shells/casing-sound-1.wav using Guid(39a52c8570aa5ee4b8c76570a3eda151) Importer(815301076,1909f56bfc062723c751e8b465ee728b)  -> (artifact id: '5a396e06cec314c8c0c1ad146532f8a6') in 0.020947 seconds 
  Import took 0.023593 seconds .

========================================================================
Received Import Request.
  Time since last request: 0.000343 seconds.
  path: Assets/MyFPS/Audio/PlayerAudio/Casings_&_Shells/casing-sound-3.wav
  artifactKey: Guid(031057f31153d6e4da071a851d29e9e2) Importer(815301076,1909f56bfc062723c751e8b465ee728b)
Start importing Assets/MyFPS/Audio/PlayerAudio/Casings_&_Shells/casing-sound-3.wav using Guid(031057f31153d6e4da071a851d29e9e2) Importer(815301076,1909f56bfc062723c751e8b465ee728b)  -> (artifact id: 'd9c63e1afd343154155c48aae459d20d') in 0.010235 seconds 
  Import took 0.013404 seconds .

========================================================================
Received Import Request.
  Time since last request: 0.000340 seconds.
  path: Assets/MyFPS/Audio/PlayerAudio/Casings_&_Shells/casing-sound-4.wav
  artifactKey: Guid(13f0d2cf3fe7b1744ada35cb7c1e1a4b) Importer(815301076,1909f56bfc062723c751e8b465ee728b)
Start importing Assets/MyFPS/Audio/PlayerAudio/Casings_&_Shells/casing-sound-4.wav using Guid(13f0d2cf3fe7b1744ada35cb7c1e1a4b) Importer(815301076,1909f56bfc062723c751e8b465ee728b)  -> (artifact id: 'b3287bb96d6f7d246c74c01ba31b11f9') in 0.012061 seconds 
  Import took 0.016714 seconds .

========================================================================
Received Import Request.
  Time since last request: 0.000775 seconds.
  path: Assets/MyFPS/Audio/PlayerAudio/Casings_&_Shells/casing-sound-2.wav
  artifactKey: Guid(a422bb42207b84543bfa921cf5ad09d2) Importer(815301076,1909f56bfc062723c751e8b465ee728b)
Start importing Assets/MyFPS/Audio/PlayerAudio/Casings_&_Shells/casing-sound-2.wav using Guid(a422bb42207b84543bfa921cf5ad09d2) Importer(815301076,1909f56bfc062723c751e8b465ee728b)  -> (artifact id: 'a8d40f5143eacb514e20d700508473c9') in 0.011669 seconds 
  Import took 0.016135 seconds .

========================================================================
Received Import Request.
  Time since last request: 0.000745 seconds.
  path: Assets/MyFPS/Audio/PlayerAudio/Casings_&_Shells/casing-sound-5.wav
  artifactKey: Guid(3f8b82312021c504f8a6212dddba71f3) Importer(815301076,1909f56bfc062723c751e8b465ee728b)
Start importing Assets/MyFPS/Audio/PlayerAudio/Casings_&_Shells/casing-sound-5.wav using Guid(3f8b82312021c504f8a6212dddba71f3) Importer(815301076,1909f56bfc062723c751e8b465ee728b)  -> (artifact id: '7a27d4dcfc9cc88c996632e7a7bec7c6') in 0.013206 seconds 
  Import took 0.017176 seconds .

========================================================================
Received Import Request.
  Time since last request: 101.532470 seconds.
  path: Assets/MyFPS/Meshes/YardMesh/Low_Poly_Boat_Yard.fbx
  artifactKey: Guid(b336c09f45dc3df458ddd8065bbe4b25) Importer(815301076,1909f56bfc062723c751e8b465ee728b)
Start importing Assets/MyFPS/Meshes/YardMesh/Low_Poly_Boat_Yard.fbx using Guid(b336c09f45dc3df458ddd8065bbe4b25) Importer(815301076,1909f56bfc062723c751e8b465ee728b)  -> (artifact id: 'b7a3b3defec5921da954abcbf0c8de80') in 0.573890 seconds 
  Import took 0.577675 seconds .

========================================================================
Received Import Request.
  Time since last request: 0.982505 seconds.
  path: Assets/MyFPS/Meshes/YardMesh/Materials
  artifactKey: Guid(6f477fcdeb2ea6f4597ed5052cb44f0b) Importer(815301076,1909f56bfc062723c751e8b465ee728b)
Start importing Assets/MyFPS/Meshes/YardMesh/Materials using Guid(6f477fcdeb2ea6f4597ed5052cb44f0b) Importer(815301076,1909f56bfc062723c751e8b465ee728b)  -> (artifact id: 'a8e2b19e63e954cb15dbfa77429d41f5') in 0.003441 seconds 
  Import took 0.006233 seconds .

========================================================================
Received Import Request.
  Time since last request: 0.135108 seconds.
  path: Assets/MyFPS/Meshes/YardMesh/Materials/outUV_colour(8).mat
  artifactKey: Guid(36cd3065472dbad4489e23d4e100d584) Importer(815301076,1909f56bfc062723c751e8b465ee728b)
Start importing Assets/MyFPS/Meshes/YardMesh/Materials/outUV_colour(8).mat using Guid(36cd3065472dbad4489e23d4e100d584) Importer(815301076,1909f56bfc062723c751e8b465ee728b)  -> (artifact id: '7d6738ed5c45ae707670ebf0c79a4006') in 0.040247 seconds 
  Import took 0.043460 seconds .

========================================================================
Received Import Request.
  Time since last request: 1.536783 seconds.
  path: Assets/MyFPS/Meshes/YardMesh/Low_Poly_Boat_Yard.fbm
  artifactKey: Guid(d07d8b51ae50f0246b2878a576fbbd18) Importer(815301076,1909f56bfc062723c751e8b465ee728b)
Start importing Assets/MyFPS/Meshes/YardMesh/Low_Poly_Boat_Yard.fbm using Guid(d07d8b51ae50f0246b2878a576fbbd18) Importer(815301076,1909f56bfc062723c751e8b465ee728b)  -> (artifact id: '1c59f49c3776220249f6618e2e12a9b5') in 0.003823 seconds 
  Import took 0.007950 seconds .

========================================================================
Received Import Request.
  Time since last request: 0.059374 seconds.
  path: Assets/MyFPS/Meshes/YardMesh/Low_Poly_Boat_Yard.fbm/outUV_colour(8).jpg
  artifactKey: Guid(de5687dd27ddc0b4ba843a70a9703b9c) Importer(815301076,1909f56bfc062723c751e8b465ee728b)
Start importing Assets/MyFPS/Meshes/YardMesh/Low_Poly_Boat_Yard.fbm/outUV_colour(8).jpg using Guid(de5687dd27ddc0b4ba843a70a9703b9c) Importer(815301076,1909f56bfc062723c751e8b465ee728b)  -> (artifact id: '586ad140d6b898946db3485778783bf9') in 0.019010 seconds 
  Import took 0.021899 seconds .

AssetImportWorkerClient::OnTransportError - code=2 error=End of file
